2025-05-14 06:05:32,680 - DEBUG - Scanning package: styles
2025-05-14 06:05:32,682 - DEBUG - Found module: styles.adjustments.blur
2025-05-14 06:05:32,686 - INFO - Loaded style: Blur (Category: Adjustments)
2025-05-14 06:05:32,687 - DEBUG - Found module: styles.adjustments.brightness_contrast
2025-05-14 06:05:32,687 - DEBUG - Found module: styles.adjustments.emboss
2025-05-14 06:05:32,688 - DEBUG - Found module: styles.adjustments.gamma_correction
2025-05-14 06:05:32,689 - DEBUG - Found module: styles.adjustments.hue_saturation
2025-05-14 06:05:32,689 - DEBUG - Found module: styles.adjustments.posterize
2025-05-14 06:05:32,690 - DEBUG - Found module: styles.adjustments.sharpen
2025-05-14 06:05:32,690 - DEBUG - Found module: styles.adjustments.solarize
2025-05-14 06:05:32,692 - INFO - Loaded style: Solarize (Category: Adjustments)
2025-05-14 06:05:32,693 - DEBUG - Found module: styles.adjustments.threshold
2025-05-14 06:05:32,693 - INFO - Loaded style: Threshold (Category: Adjustments)
2025-05-14 06:05:32,693 - DEBUG - Found module: styles.adjustments.vibrance
2025-05-14 06:05:32,694 - DEBUG - Found module: styles.adjustments.vintage
2025-05-14 06:05:32,695 - DEBUG - Found module: styles.artistic.advanced_cartoon
2025-05-14 06:05:32,696 - INFO - Loaded style: Advanced Cartoon (Category: Favorites)
2025-05-14 06:05:32,697 - DEBUG - Found module: styles.artistic.advanced_cartoon2
2025-05-14 06:05:32,697 - INFO - Loaded style: Advanced Cartoon (Anime) (Category: Favorites)
2025-05-14 06:05:32,697 - DEBUG - Found module: styles.artistic.advanced_edge_detection
2025-05-14 06:05:32,699 - INFO - Loaded style: Advanced Edge Detection (Category: Artistic)
2025-05-14 06:05:32,700 - DEBUG - Found module: styles.artistic.advanced_pencil_sketch
2025-05-14 06:05:32,705 - INFO - Loaded style: Light Pencil Sketch (Color) (Category: Favorites)
2025-05-14 06:05:32,705 - DEBUG - Found module: styles.artistic.cartoon
2025-05-14 06:05:32,706 - INFO - Loaded style: Cartoon (Category: Artistic)
2025-05-14 06:05:32,706 - DEBUG - Found module: styles.artistic.catoonwholeimage
2025-05-14 06:05:32,731 - INFO - Loaded style: Cartoon Whole Image (Category: Favorites)
2025-05-14 06:05:32,732 - DEBUG - Found module: styles.artistic.edge_detection
2025-05-14 06:05:32,732 - INFO - Loaded style: Edge Detection (Category: Artistic)
2025-05-14 06:05:32,732 - DEBUG - Found module: styles.artistic.line_art
2025-05-14 06:05:32,733 - INFO - Loaded style: Line Art (Category: Artistic)
2025-05-14 06:05:32,734 - DEBUG - Found module: styles.artistic.oil_painting
2025-05-14 06:05:32,737 - INFO - Loaded style: Oil Painting (Category: Artistic)
2025-05-14 06:05:32,737 - DEBUG - Found module: styles.artistic.pencil_sketch
2025-05-14 06:05:32,738 - INFO - Loaded style: Pencil Sketch (Category: Artistic)
2025-05-14 06:05:32,739 - DEBUG - Found module: styles.artistic.sketch_and_color
2025-05-14 06:05:32,739 - INFO - Loaded style: Sketch & Color (Category: Artistic)
2025-05-14 06:05:32,740 - DEBUG - Found module: styles.artistic.stippling
2025-05-14 06:05:32,740 - INFO - Loaded style: Stippling (Category: Artistic)
2025-05-14 06:05:32,741 - DEBUG - Found module: styles.artistic.watercolor
2025-05-14 06:05:32,741 - INFO - Loaded style: Watercolor (Category: Artistic)
2025-05-14 06:05:32,742 - DEBUG - Found module: styles.base
2025-05-14 06:05:32,743 - DEBUG - Found module: styles.basic.brightness_only
2025-05-14 06:05:32,744 - INFO - Loaded style: Brightness Only (Category: Basic)
2025-05-14 06:05:32,745 - DEBUG - Found module: styles.basic.color_balance
2025-05-14 06:05:32,745 - INFO - Loaded style: Color Balance (Category: Basic)
2025-05-14 06:05:32,746 - DEBUG - Found module: styles.basic.contrast_only
2025-05-14 06:05:32,747 - INFO - Loaded style: Contrast Only (Category: Basic)
2025-05-14 06:05:32,747 - DEBUG - Found module: styles.basic.sepia_vibrant
2025-05-14 06:05:32,748 - INFO - Loaded style: Sepia Vibrant (Category: Basic)
2025-05-14 06:05:32,748 - DEBUG - Found module: styles.basic.vibrant_color
2025-05-14 06:05:32,749 - INFO - Loaded style: Vibrant Color (Category: Basic)
2025-05-14 06:05:32,749 - DEBUG - Found module: styles.bitwise_ops
2025-05-14 06:05:32,753 - INFO - Loaded style: Bitwise AND (Category: Bitwise Operations)
2025-05-14 06:05:32,754 - INFO - Loaded style: Bitwise OR (Category: Bitwise Operations)
2025-05-14 06:05:32,754 - INFO - Loaded style: Bitwise XOR (Category: Bitwise Operations)
2025-05-14 06:05:32,756 - DEBUG - Found module: styles.color_filters.invert_colors
2025-05-14 06:05:32,756 - INFO - Loaded style: Invert Colors (Category: Color Filters)
2025-05-14 06:05:32,757 - DEBUG - Found module: styles.color_filters.invert_filter
2025-05-14 06:05:32,757 - INFO - Loaded style: Invert Filter (Category: Color Filters)
2025-05-14 06:05:32,757 - DEBUG - Found module: styles.color_filters.negative
2025-05-14 06:05:32,758 - INFO - Loaded style: Negative (Category: Color Filters)
2025-05-14 06:05:32,760 - DEBUG - Found module: styles.distortions.advanced_halftone
2025-05-14 06:05:32,760 - INFO - Loaded style: Advanced Halftone (Category: Distortions)
2025-05-14 06:05:32,761 - DEBUG - Found module: styles.distortions.glitch
2025-05-14 06:05:32,761 - INFO - Loaded style: Glitch (Category: Distortions)
2025-05-14 06:05:32,762 - DEBUG - Found module: styles.distortions.halftone
2025-05-14 06:05:32,763 - INFO - Loaded style: Halftone (Category: Distortions)
2025-05-14 06:05:32,763 - DEBUG - Found module: styles.distortions.light_leak
2025-05-14 06:05:32,764 - INFO - Loaded style: Light Leak (Category: Distortions)
2025-05-14 06:05:32,764 - DEBUG - Found module: styles.distortions.mosaic
2025-05-14 06:05:32,765 - INFO - Loaded style: Mosaic (Category: Distortions)
2025-05-14 06:05:32,767 - DEBUG - Found module: styles.effects.black_white
2025-05-14 06:05:32,769 - INFO - Loaded style: Black & White (Category: Effects)
2025-05-14 06:05:32,769 - DEBUG - Found module: styles.effects.blur_motion
2025-05-14 06:05:32,772 - INFO - Loaded style: Motion Blur (Category: Effects)
2025-05-14 06:05:32,773 - DEBUG - Found module: styles.effects.color_quantization
2025-05-14 06:05:32,774 - INFO - Loaded style: Color Quantization (Category: Effects)
2025-05-14 06:05:32,774 - DEBUG - Found module: styles.effects.emboss_contrast
2025-05-14 06:05:32,775 - INFO - Loaded style: Emboss & Contrast (Category: Effects)
2025-05-14 06:05:32,775 - DEBUG - Found module: styles.effects.glowing_edges
2025-05-14 06:05:32,788 - INFO - Loaded style: Glowing Edges (Category: Effects)
2025-05-14 06:05:32,789 - DEBUG - Found module: styles.effects.lines
2025-05-14 06:05:32,789 - INFO - Loaded style: Canny Edge (Category: Effects)
2025-05-14 06:05:32,790 - INFO - Loaded style: Hough Lines (Category: Effects)
2025-05-14 06:05:32,790 - DEBUG - Found module: styles.effects.negative_vintage
2025-05-14 06:05:32,798 - INFO - Loaded style: Negative Vintage (Category: Effects)
2025-05-14 06:05:32,799 - DEBUG - Found module: styles.effects.original
2025-05-14 06:05:32,799 - INFO - Loaded style: Original (Category: Effects)
2025-05-14 06:05:32,801 - WARNING - File for parameter 'texture_path' not found at 'textures/texture.png'. Resetting to default 'textures/texture.png'.
2025-05-14 06:05:37,311 - INFO - Updating parameters for style: Original
2025-05-14 06:05:37,313 - DEBUG - Clearing existing controls...
2025-05-14 06:05:37,327 - DEBUG - Starting to clear the form layout.
2025-05-14 06:05:37,327 - DEBUG - Finished clearing the form layout.
2025-05-14 06:05:37,328 - DEBUG - Finished adding controls for parameters: [] 