2025-05-12 16:05:34,515 - tradingbot - INFO - 🚀 Starting Live Trading Mode...
2025-05-12 16:05:34,826 - tradingbot - INFO - Latest Signal: SELL
2025-05-12 16:05:35,296 - tradingbot - INFO - 💰 Account Info: {'buying_power': '196837.17', 'equity': '100157.05'}
2025-05-12 16:06:35,372 - tradingbot - INFO - Latest Signal: SELL
2025-05-12 16:06:35,530 - tradingbot - INFO - 💰 Account Info: {'buying_power': '196836.95', 'equity': '100156.83'}
2025-05-12 16:07:35,601 - tradingbot - INFO - Latest Signal: SELL
2025-05-12 16:07:35,706 - tradingbot - INFO - 💰 Account Info: {'buying_power': '196836.73', 'equity': '100156.61'}
2025-05-12 16:08:35,821 - tradingbot - INFO - Latest Signal: SELL
2025-05-12 16:08:35,987 - tradingbot - INFO - 💰 Account Info: {'buying_power': '196836.78', 'equity': '100156.66'}
2025-05-12 16:09:36,064 - tradingbot - INFO - Latest Signal: SELL
2025-05-12 16:09:36,173 - tradingbot - INFO - 💰 Account Info: {'buying_power': '196836.78', 'equity': '100156.66'}
2025-05-12 16:10:36,244 - tradingbot - INFO - Latest Signal: SELL
2025-05-12 16:10:36,351 - tradingbot - INFO - 💰 Account Info: {'buying_power': '196835.46', 'equity': '100155.34'}
2025-05-12 16:11:36,436 - tradingbot - INFO - Latest Signal: SELL
2025-05-12 16:11:36,546 - tradingbot - INFO - 💰 Account Info: {'buying_power': '196835.24', 'equity': '100155.12'}
2025-05-12 16:12:36,620 - tradingbot - INFO - Latest Signal: SELL
2025-05-12 16:12:36,721 - tradingbot - INFO - 💰 Account Info: {'buying_power': '196835.34', 'equity': '100155.22'}
2025-05-12 16:13:36,797 - tradingbot - INFO - Latest Signal: SELL
2025-05-12 16:13:36,897 - tradingbot - INFO - 💰 Account Info: {'buying_power': '196835.4', 'equity': '100155.28'}
2025-05-12 16:14:36,975 - tradingbot - INFO - Latest Signal: SELL
2025-05-12 16:14:37,130 - tradingbot - INFO - 💰 Account Info: {'buying_power': '196835.1', 'equity': '100154.98'}
2025-05-12 16:15:37,210 - tradingbot - INFO - Latest Signal: SELL
2025-05-12 16:15:37,313 - tradingbot - INFO - 💰 Account Info: {'buying_power': '196835.04', 'equity': '100154.92'}
2025-05-12 16:16:37,388 - tradingbot - INFO - Latest Signal: SELL
2025-05-12 16:16:37,493 - tradingbot - INFO - 💰 Account Info: {'buying_power': '196835.21', 'equity': '100155.09'}
2025-05-12 16:17:37,567 - tradingbot - INFO - Latest Signal: SELL
2025-05-12 16:17:37,671 - tradingbot - INFO - 💰 Account Info: {'buying_power': '196835.23', 'equity': '100155.11'}
2025-05-12 16:18:37,750 - tradingbot - INFO - Latest Signal: SELL
2025-05-12 16:18:37,853 - tradingbot - INFO - 💰 Account Info: {'buying_power': '196832.51', 'equity': '100152.39'}
2025-05-12 16:19:37,931 - tradingbot - INFO - Latest Signal: SELL
2025-05-12 16:19:38,037 - tradingbot - INFO - 💰 Account Info: {'buying_power': '196834.44', 'equity': '100154.32'}
2025-05-12 16:20:38,107 - tradingbot - INFO - Latest Signal: SELL
2025-05-12 16:20:38,209 - tradingbot - INFO - 💰 Account Info: {'buying_power': '196835.55', 'equity': '100155.43'}
2025-05-12 16:21:38,281 - tradingbot - INFO - Latest Signal: SELL
2025-05-12 16:21:38,387 - tradingbot - INFO - 💰 Account Info: {'buying_power': '196834.68', 'equity': '100154.56'}
2025-05-12 16:22:38,475 - tradingbot - INFO - Latest Signal: SELL
2025-05-12 16:22:38,585 - tradingbot - INFO - 💰 Account Info: {'buying_power': '196834.53', 'equity': '100154.41'}
2025-05-12 16:23:38,655 - tradingbot - INFO - Latest Signal: SELL
2025-05-12 16:23:38,755 - tradingbot - INFO - 💰 Account Info: {'buying_power': '196837.19', 'equity': '100157.07'}
2025-05-12 16:24:38,845 - tradingbot - INFO - Latest Signal: SELL
2025-05-12 16:24:38,962 - tradingbot - INFO - 💰 Account Info: {'buying_power': '196838.67', 'equity': '100158.55'}
2025-05-12 16:25:39,105 - tradingbot - INFO - Latest Signal: SELL
2025-05-12 16:25:39,223 - tradingbot - INFO - 💰 Account Info: {'buying_power': '196838.67', 'equity': '100158.55'}
2025-05-12 16:25:52,648 - tradingbot - INFO - 🛑 Live trading stopped by user.
2025-05-12 16:31:10,775 - tradingbot - INFO - 📊 Starting Backtest Mode...
